#
# There is insufficient memory for the Java Runtime Environment to continue.
# Native memory allocation (malloc) failed to allocate 716177408 bytes for committing reserved memory.
# Possible reasons:
#   The system is out of physical RAM or swap space
#   In 32 bit mode, the process size limit was hit
# Possible solutions:
#   Reduce memory load on the system
#   Increase physical memory or swap space
#   Check if swap backing store is full
#   Use 64 bit Java on a 64 bit OS
#   Decrease Java heap size (-Xmx/-Xms)
#   Decrease number of Java threads
#   Decrease Java thread stack sizes (-Xss)
#   Set larger code cache with -XX:ReservedCodeCacheSize=
# This output file may be truncated or incomplete.
#
#  Out of Memory Error (os_linux.cpp:2809), pid=16226, tid=140217325680384
#
# JRE version:  (7.0_79-b14) (build )
# Java VM: OpenJDK 64-Bit Server VM (24.79-b02 mixed mode linux-amd64 compressed oops)
# Derivative: IcedTea 2.5.6
# Distribution: Ubuntu 14.04 LTS, package 7u79-2.5.6-0ubuntu1.14.04.1
# Failed to write core dump. Core dumps have been disabled. To enable core dumping, try "ulimit -c unlimited" before starting Java again
#

---------------  T H R E A D  ---------------

Current thread (0x00007f86dc00a000):  JavaThread "Unknown thread" [_thread_in_vm, id=16227, stack(0x00007f86e3d37000,0x00007f86e3e38000)]

Stack: [0x00007f86e3d37000,0x00007f86e3e38000],  sp=0x00007f86e3e36500,  free space=1021k
Native frames: (J=compiled Java code, j=interpreted, Vv=VM code, C=native code)
V  [libjvm.so+0x94afd5]  VMError::report_and_die()+0x175
V  [libjvm.so+0x48b9f4]  report_vm_out_of_memory(char const*, int, unsigned long, char const*)+0x74
V  [libjvm.so+0x7c809b]  os::pd_commit_memory(char*, unsigned long, unsigned long, bool)+0xeb
V  [libjvm.so+0x7c2b3f]  os::commit_memory(char*, unsigned long, unsigned long, bool)+0x1f
V  [libjvm.so+0x83503b]  PSVirtualSpace::expand_by(unsigned long)+0x5b
V  [libjvm.so+0x8254ae]  PSOldGen::initialize(ReservedSpace, unsigned long, char const*, int)+0xce
V  [libjvm.so+0x2a57ff]  AdjoiningGenerations::AdjoiningGenerations(ReservedSpace, unsigned long, unsigned long, unsigned long, unsigned long, unsigned long, unsigned long, unsigned long)+0x3af
V  [libjvm.so+0x7e8590]  ParallelScavengeHeap::initialize()+0x5b0
V  [libjvm.so+0x91ba47]  Universe::initialize_heap()+0xc7
V  [libjvm.so+0x91bd77]  universe_init()+0x67
V  [libjvm.so+0x59d2d5]  init_globals()+0x55
V  [libjvm.so+0x8fe75f]  Threads::create_vm(JavaVMInitArgs*, bool*)+0x35f
V  [libjvm.so+0x608654]  JNI_CreateJavaVM+0x54
C  [libjli.so+0x2b48]


---------------  P R O C E S S  ---------------

Java Threads: ( => current thread )

Other Threads:

=>0x00007f86dc00a000 (exited) JavaThread "Unknown thread" [_thread_in_vm, id=16227, stack(0x00007f86e3d37000,0x00007f86e3e38000)]

VM state:not at safepoint (not fully initialized)

VM Mutex/Monitor currently owned by a thread: None

GC Heap History (0 events):
No events

Deoptimization events (0 events):
No events

Internal exceptions (0 events):
No events

Events (0 events):
No events


Dynamic libraries:
00400000-00401000 r-xp 00000000 08:07 7089124                            /usr/lib/jvm/java-7-openjdk-amd64/jre/bin/java
00600000-00601000 r--p 00000000 08:07 7089124                            /usr/lib/jvm/java-7-openjdk-amd64/jre/bin/java
00601000-00602000 rw-p 00001000 08:07 7089124                            /usr/lib/jvm/java-7-openjdk-amd64/jre/bin/java
01e9a000-01ebb000 rw-p 00000000 00:00 0                                  [heap]
aff80000-bff80000 rw-p 00000000 00:00 0 
eaa80000-100000000 rw-p 00000000 00:00 0 
7f86d4000000-7f86d4270000 rwxp 00000000 00:00 0 
7f86d4270000-7f86dc023000 rw-p 00000000 00:00 0 
7f86dc023000-7f86e0000000 ---p 00000000 00:00 0 
7f86e0395000-7f86e04f6000 rw-p 00000000 00:00 0 
7f86e04f6000-7f86e06cb000 rw-p 00000000 00:00 0 
7f86e06cb000-7f86e0781000 rw-p 00000000 00:00 0 
7f86e0781000-7f86e0977000 rw-p 00000000 00:00 0 
7f86e0977000-7f86e097f000 r-xp 00000000 08:07 7089045                    /usr/lib/jvm/java-7-openjdk-amd64/jre/lib/amd64/libzip.so
7f86e097f000-7f86e0b7e000 ---p 00008000 08:07 7089045                    /usr/lib/jvm/java-7-openjdk-amd64/jre/lib/amd64/libzip.so
7f86e0b7e000-7f86e0b7f000 r--p 00007000 08:07 7089045                    /usr/lib/jvm/java-7-openjdk-amd64/jre/lib/amd64/libzip.so
7f86e0b7f000-7f86e0b80000 rw-p 00008000 08:07 7089045                    /usr/lib/jvm/java-7-openjdk-amd64/jre/lib/amd64/libzip.so
7f86e0b80000-7f86e0b8b000 r-xp 00000000 08:07 3543252                    /lib/x86_64-linux-gnu/libnss_files-2.19.so
7f86e0b8b000-7f86e0d8a000 ---p 0000b000 08:07 3543252                    /lib/x86_64-linux-gnu/libnss_files-2.19.so
7f86e0d8a000-7f86e0d8b000 r--p 0000a000 08:07 3543252                    /lib/x86_64-linux-gnu/libnss_files-2.19.so
7f86e0d8b000-7f86e0d8c000 rw-p 0000b000 08:07 3543252                    /lib/x86_64-linux-gnu/libnss_files-2.19.so
7f86e0d8c000-7f86e0d97000 r-xp 00000000 08:07 3543262                    /lib/x86_64-linux-gnu/libnss_nis-2.19.so
7f86e0d97000-7f86e0f96000 ---p 0000b000 08:07 3543262                    /lib/x86_64-linux-gnu/libnss_nis-2.19.so
7f86e0f96000-7f86e0f97000 r--p 0000a000 08:07 3543262                    /lib/x86_64-linux-gnu/libnss_nis-2.19.so
7f86e0f97000-7f86e0f98000 rw-p 0000b000 08:07 3543262                    /lib/x86_64-linux-gnu/libnss_nis-2.19.so
7f86e0f98000-7f86e0faf000 r-xp 00000000 08:07 3543246                    /lib/x86_64-linux-gnu/libnsl-2.19.so
7f86e0faf000-7f86e11ae000 ---p 00017000 08:07 3543246                    /lib/x86_64-linux-gnu/libnsl-2.19.so
7f86e11ae000-7f86e11af000 r--p 00016000 08:07 3543246                    /lib/x86_64-linux-gnu/libnsl-2.19.so
7f86e11af000-7f86e11b0000 rw-p 00017000 08:07 3543246                    /lib/x86_64-linux-gnu/libnsl-2.19.so
7f86e11b0000-7f86e11b2000 rw-p 00000000 00:00 0 
7f86e11b2000-7f86e11bb000 r-xp 00000000 08:07 3543248                    /lib/x86_64-linux-gnu/libnss_compat-2.19.so
7f86e11bb000-7f86e13ba000 ---p 00009000 08:07 3543248                    /lib/x86_64-linux-gnu/libnss_compat-2.19.so
7f86e13ba000-7f86e13bb000 r--p 00008000 08:07 3543248                    /lib/x86_64-linux-gnu/libnss_compat-2.19.so
7f86e13bb000-7f86e13bc000 rw-p 00009000 08:07 3543248                    /lib/x86_64-linux-gnu/libnss_compat-2.19.so
7f86e13bc000-7f86e13e7000 r-xp 00000000 08:07 7089082                    /usr/lib/jvm/java-7-openjdk-amd64/jre/lib/amd64/libjava.so
7f86e13e7000-7f86e15e6000 ---p 0002b000 08:07 7089082                    /usr/lib/jvm/java-7-openjdk-amd64/jre/lib/amd64/libjava.so
7f86e15e6000-7f86e15e7000 r--p 0002a000 08:07 7089082                    /usr/lib/jvm/java-7-openjdk-amd64/jre/lib/amd64/libjava.so
7f86e15e7000-7f86e15e9000 rw-p 0002b000 08:07 7089082                    /usr/lib/jvm/java-7-openjdk-amd64/jre/lib/amd64/libjava.so
7f86e15e9000-7f86e15f9000 r-xp 00000000 08:07 7089063                    /usr/lib/jvm/java-7-openjdk-amd64/jre/lib/amd64/libverify.so
7f86e15f9000-7f86e17f8000 ---p 00010000 08:07 7089063                    /usr/lib/jvm/java-7-openjdk-amd64/jre/lib/amd64/libverify.so
7f86e17f8000-7f86e17fa000 r--p 0000f000 08:07 7089063                    /usr/lib/jvm/java-7-openjdk-amd64/jre/lib/amd64/libverify.so
7f86e17fa000-7f86e17fb000 rw-p 00011000 08:07 7089063                    /usr/lib/jvm/java-7-openjdk-amd64/jre/lib/amd64/libverify.so
7f86e17fb000-7f86e1802000 r-xp 00000000 08:07 3543305                    /lib/x86_64-linux-gnu/librt-2.19.so
7f86e1802000-7f86e1a01000 ---p 00007000 08:07 3543305                    /lib/x86_64-linux-gnu/librt-2.19.so
7f86e1a01000-7f86e1a02000 r--p 00006000 08:07 3543305                    /lib/x86_64-linux-gnu/librt-2.19.so
7f86e1a02000-7f86e1a03000 rw-p 00007000 08:07 3543305                    /lib/x86_64-linux-gnu/librt-2.19.so
7f86e1a03000-7f86e1a19000 r-xp 00000000 08:07 3543204                    /lib/x86_64-linux-gnu/libgcc_s.so.1
7f86e1a19000-7f86e1c18000 ---p 00016000 08:07 3543204                    /lib/x86_64-linux-gnu/libgcc_s.so.1
7f86e1c18000-7f86e1c19000 rw-p 00015000 08:07 3543204                    /lib/x86_64-linux-gnu/libgcc_s.so.1
7f86e1c19000-7f86e1d1e000 r-xp 00000000 08:07 3543227                    /lib/x86_64-linux-gnu/libm-2.19.so
7f86e1d1e000-7f86e1f1d000 ---p 00105000 08:07 3543227                    /lib/x86_64-linux-gnu/libm-2.19.so
7f86e1f1d000-7f86e1f1e000 r--p 00104000 08:07 3543227                    /lib/x86_64-linux-gnu/libm-2.19.so
7f86e1f1e000-7f86e1f1f000 rw-p 00105000 08:07 3543227                    /lib/x86_64-linux-gnu/libm-2.19.so
7f86e1f1f000-7f86e2005000 r-xp 00000000 08:07 7086927                    /usr/lib/x86_64-linux-gnu/libstdc++.so.6.0.19
7f86e2005000-7f86e2204000 ---p 000e6000 08:07 7086927                    /usr/lib/x86_64-linux-gnu/libstdc++.so.6.0.19
7f86e2204000-7f86e220c000 r--p 000e5000 08:07 7086927                    /usr/lib/x86_64-linux-gnu/libstdc++.so.6.0.19
7f86e220c000-7f86e220e000 rw-p 000ed000 08:07 7086927                    /usr/lib/x86_64-linux-gnu/libstdc++.so.6.0.19
7f86e220e000-7f86e2223000 rw-p 00000000 00:00 0 
7f86e2223000-7f86e2d3c000 r-xp 00000000 08:07 7089051                    /usr/lib/jvm/java-7-openjdk-amd64/jre/lib/amd64/server/libjvm.so
7f86e2d3c000-7f86e2f3c000 ---p 00b19000 08:07 7089051                    /usr/lib/jvm/java-7-openjdk-amd64/jre/lib/amd64/server/libjvm.so
7f86e2f3c000-7f86e2fd6000 r--p 00b19000 08:07 7089051                    /usr/lib/jvm/java-7-openjdk-amd64/jre/lib/amd64/server/libjvm.so
7f86e2fd6000-7f86e2ff9000 rw-p 00bb3000 08:07 7089051                    /usr/lib/jvm/java-7-openjdk-amd64/jre/lib/amd64/server/libjvm.so
7f86e2ff9000-7f86e3027000 rw-p 00000000 00:00 0 
7f86e3027000-7f86e303f000 r-xp 00000000 08:07 3543340                    /lib/x86_64-linux-gnu/libz.so.1.2.8
7f86e303f000-7f86e323e000 ---p 00018000 08:07 3543340                    /lib/x86_64-linux-gnu/libz.so.1.2.8
7f86e323e000-7f86e323f000 r--p 00017000 08:07 3543340                    /lib/x86_64-linux-gnu/libz.so.1.2.8
7f86e323f000-7f86e3240000 rw-p 00018000 08:07 3543340                    /lib/x86_64-linux-gnu/libz.so.1.2.8
7f86e3240000-7f86e3259000 r-xp 00000000 08:07 3543297                    /lib/x86_64-linux-gnu/libpthread-2.19.so
7f86e3259000-7f86e3458000 ---p 00019000 08:07 3543297                    /lib/x86_64-linux-gnu/libpthread-2.19.so
7f86e3458000-7f86e3459000 r--p 00018000 08:07 3543297                    /lib/x86_64-linux-gnu/libpthread-2.19.so
7f86e3459000-7f86e345a000 rw-p 00019000 08:07 3543297                    /lib/x86_64-linux-gnu/libpthread-2.19.so
7f86e345a000-7f86e345e000 rw-p 00000000 00:00 0 
7f86e345e000-7f86e3461000 r-xp 00000000 08:07 3543194                    /lib/x86_64-linux-gnu/libdl-2.19.so
7f86e3461000-7f86e3660000 ---p 00003000 08:07 3543194                    /lib/x86_64-linux-gnu/libdl-2.19.so
7f86e3660000-7f86e3661000 r--p 00002000 08:07 3543194                    /lib/x86_64-linux-gnu/libdl-2.19.so
7f86e3661000-7f86e3662000 rw-p 00003000 08:07 3543194                    /lib/x86_64-linux-gnu/libdl-2.19.so
7f86e3662000-7f86e381d000 r-xp 00000000 08:07 3543177                    /lib/x86_64-linux-gnu/libc-2.19.so
7f86e381d000-7f86e3a1c000 ---p 001bb000 08:07 3543177                    /lib/x86_64-linux-gnu/libc-2.19.so
7f86e3a1c000-7f86e3a20000 r--p 001ba000 08:07 3543177                    /lib/x86_64-linux-gnu/libc-2.19.so
7f86e3a20000-7f86e3a22000 rw-p 001be000 08:07 3543177                    /lib/x86_64-linux-gnu/libc-2.19.so
7f86e3a22000-7f86e3a27000 rw-p 00000000 00:00 0 
7f86e3a27000-7f86e3a34000 r-xp 00000000 08:07 7089048                    /usr/lib/jvm/java-7-openjdk-amd64/jre/lib/amd64/jli/libjli.so
7f86e3a34000-7f86e3c33000 ---p 0000d000 08:07 7089048                    /usr/lib/jvm/java-7-openjdk-amd64/jre/lib/amd64/jli/libjli.so
7f86e3c33000-7f86e3c34000 r--p 0000c000 08:07 7089048                    /usr/lib/jvm/java-7-openjdk-amd64/jre/lib/amd64/jli/libjli.so
7f86e3c34000-7f86e3c35000 rw-p 0000d000 08:07 7089048                    /usr/lib/jvm/java-7-openjdk-amd64/jre/lib/amd64/jli/libjli.so
7f86e3c35000-7f86e3c58000 r-xp 00000000 08:07 3543153                    /lib/x86_64-linux-gnu/ld-2.19.so
7f86e3c5e000-7f86e3d37000 rw-p 00000000 00:00 0 
7f86e3d37000-7f86e3d3a000 ---p 00000000 00:00 0 
7f86e3d3a000-7f86e3e3d000 rw-p 00000000 00:00 0                          [stack:16227]
7f86e3e49000-7f86e3e4b000 rw-p 00000000 00:00 0 
7f86e3e4b000-7f86e3e53000 rw-s 00000000 08:07 527939                     /tmp/hsperfdata_shinchan/16226
7f86e3e53000-7f86e3e54000 rw-p 00000000 00:00 0 
7f86e3e54000-7f86e3e55000 r--p 00000000 00:00 0 
7f86e3e55000-7f86e3e57000 rw-p 00000000 00:00 0 
7f86e3e57000-7f86e3e58000 r--p 00022000 08:07 3543153                    /lib/x86_64-linux-gnu/ld-2.19.so
7f86e3e58000-7f86e3e59000 rw-p 00023000 08:07 3543153                    /lib/x86_64-linux-gnu/ld-2.19.so
7f86e3e59000-7f86e3e5a000 rw-p 00000000 00:00 0 
7fff0ec1b000-7fff0ec3c000 rw-p 00000000 00:00 0                          [stack]
7fff0ecc0000-7fff0ecc2000 r--p 00000000 00:00 0                          [vvar]
7fff0ecc2000-7fff0ecc4000 r-xp 00000000 00:00 0                          [vdso]
ffffffffff600000-ffffffffff601000 r-xp 00000000 00:00 0                  [vsyscall]

VM Arguments:
jvm_args: -Xms1024m -Xmx1024m -XX:ReservedCodeCacheSize=128m -XX:MaxPermSize=256m 
java_command: /usr/share/sbt-launcher-packaging/bin/sbt-launch.jar run
Launcher Type: SUN_STANDARD

Environment Variables:
PATH=/usr/local/sbin:/usr/local/bin:/usr/sbin:/usr/bin:/sbin:/bin:/usr/games:/usr/local/games:/home/shinchan/Downloads/scala-2.11.7/bin:/home/shinchan/Downloads/scala-2.11.7/bin
USERNAME=shinchan
SHELL=/bin/bash
DISPLAY=:0

Signal Handlers:
SIGSEGV: [libjvm.so+0x94bab0], sa_mask[0]=0x7ffbfeff, sa_flags=0x10000004
SIGBUS: [libjvm.so+0x94bab0], sa_mask[0]=0x7ffbfeff, sa_flags=0x10000004
SIGFPE: [libjvm.so+0x7c38b0], sa_mask[0]=0x7ffbfeff, sa_flags=0x10000004
SIGPIPE: [libjvm.so+0x7c38b0], sa_mask[0]=0x7ffbfeff, sa_flags=0x10000004
SIGXFSZ: [libjvm.so+0x7c38b0], sa_mask[0]=0x7ffbfeff, sa_flags=0x10000004
SIGILL: [libjvm.so+0x7c38b0], sa_mask[0]=0x7ffbfeff, sa_flags=0x10000004
SIGUSR1: SIG_DFL, sa_mask[0]=0x00000000, sa_flags=0x00000000
SIGUSR2: [libjvm.so+0x7c3750], sa_mask[0]=0x00000000, sa_flags=0x10000004
SIGHUP: SIG_DFL, sa_mask[0]=0x00000000, sa_flags=0x00000000
SIGINT: SIG_DFL, sa_mask[0]=0x00000000, sa_flags=0x00000000
SIGTERM: SIG_DFL, sa_mask[0]=0x00000000, sa_flags=0x00000000
SIGQUIT: SIG_DFL, sa_mask[0]=0x00000000, sa_flags=0x00000000
SIGTRAP: SIG_DFL, sa_mask[0]=0x00000000, sa_flags=0x00000000


---------------  S Y S T E M  ---------------

OS:Ubuntu 14.04 (trusty)
uname:Linux 3.19.0-26-generic #28~14.04.1-Ubuntu SMP Wed Aug 12 14:09:17 UTC 2015 x86_64
libc:glibc 2.19 NPTL 2.19 
rlimit: STACK 8192k, CORE 0k, NPROC 31088, NOFILE 4096, AS infinity
load average:0.78 0.64 0.46

/proc/meminfo:
MemTotal:        8074168 kB
MemFree:          279060 kB
MemAvailable:     418056 kB
Buffers:            7880 kB
Cached:          1138064 kB
SwapCached:            0 kB
Active:          6601392 kB
Inactive:         939280 kB
Active(anon):    6464104 kB
Inactive(anon):   792248 kB
Active(file):     137288 kB
Inactive(file):   147032 kB
Unevictable:        1632 kB
Mlocked:            1632 kB
SwapTotal:             0 kB
SwapFree:              0 kB
Dirty:                56 kB
Writeback:             0 kB
AnonPages:       6396428 kB
Mapped:           665788 kB
Shmem:            861624 kB
Slab:             101844 kB
SReclaimable:      47220 kB
SUnreclaim:        54624 kB
KernelStack:       13456 kB
PageTables:        78856 kB
NFS_Unstable:          0 kB
Bounce:                0 kB
WritebackTmp:          0 kB
CommitLimit:     4037084 kB
Committed_AS:   17540200 kB
VmallocTotal:   34359738367 kB
VmallocUsed:      367068 kB
VmallocChunk:   34359362648 kB
HardwareCorrupted:     0 kB
AnonHugePages:   2412544 kB
CmaTotal:              0 kB
CmaFree:               0 kB
HugePages_Total:       0
HugePages_Free:        0
HugePages_Rsvd:        0
HugePages_Surp:        0
Hugepagesize:       2048 kB
DirectMap4k:      214032 kB
DirectMap2M:     8073216 kB
DirectMap1G:           0 kB


CPU:total 4 (2 cores per cpu, 2 threads per core) family 6 model 61 stepping 4, cmov, cx8, fxsr, mmx, sse, sse2, sse3, ssse3, sse4.1, sse4.2, popcnt, avx, avx2, aes, erms, ht, tsc, tscinvbit

/proc/cpuinfo:
processor	: 0
vendor_id	: GenuineIntel
cpu family	: 6
model		: 61
model name	: Intel(R) Core(TM) i5-5200U CPU @ 2.20GHz
stepping	: 4
microcode	: 0x21
cpu MHz		: 2476.203
cache size	: 3072 KB
physical id	: 0
siblings	: 4
core id		: 0
cpu cores	: 2
apicid		: 0
initial apicid	: 0
fpu		: yes
fpu_exception	: yes
cpuid level	: 20
wp		: yes
flags		: fpu vme de pse tsc msr pae mce cx8 apic sep mtrr pge mca cmov pat pse36 clflush dts acpi mmx fxsr sse sse2 ss ht tm pbe syscall nx pdpe1gb rdtscp lm constant_tsc arch_perfmon pebs bts rep_good nopl xtopology nonstop_tsc aperfmperf eagerfpu pni pclmulqdq dtes64 monitor ds_cpl vmx est tm2 ssse3 fma cx16 xtpr pdcm pcid sse4_1 sse4_2 x2apic movbe popcnt tsc_deadline_timer aes xsave avx f16c rdrand lahf_lm abm 3dnowprefetch ida arat epb pln pts dtherm tpr_shadow vnmi flexpriority ept vpid fsgsbase tsc_adjust bmi1 avx2 smep bmi2 erms invpcid rdseed adx smap xsaveopt
bugs		:
bogomips	: 4390.12
clflush size	: 64
cache_alignment	: 64
address sizes	: 39 bits physical, 48 bits virtual
power management:

processor	: 1
vendor_id	: GenuineIntel
cpu family	: 6
model		: 61
model name	: Intel(R) Core(TM) i5-5200U CPU @ 2.20GHz
stepping	: 4
microcode	: 0x21
cpu MHz		: 2313.609
cache size	: 3072 KB
physical id	: 0
siblings	: 4
core id		: 0
cpu cores	: 2
apicid		: 1
initial apicid	: 1
fpu		: yes
fpu_exception	: yes
cpuid level	: 20
wp		: yes
flags		: fpu vme de pse tsc msr pae mce cx8 apic sep mtrr pge mca cmov pat pse36 clflush dts acpi mmx fxsr sse sse2 ss ht tm pbe syscall nx pdpe1gb rdtscp lm constant_tsc arch_perfmon pebs bts rep_good nopl xtopology nonstop_tsc aperfmperf eagerfpu pni pclmulqdq dtes64 monitor ds_cpl vmx est tm2 ssse3 fma cx16 xtpr pdcm pcid sse4_1 sse4_2 x2apic movbe popcnt tsc_deadline_timer aes xsave avx f16c rdrand lahf_lm abm 3dnowprefetch ida arat epb pln pts dtherm tpr_shadow vnmi flexpriority ept vpid fsgsbase tsc_adjust bmi1 avx2 smep bmi2 erms invpcid rdseed adx smap xsaveopt
bugs		:
bogomips	: 4390.12
clflush size	: 64
cache_alignment	: 64
address sizes	: 39 bits physical, 48 bits virtual
power management:

processor	: 2
vendor_id	: GenuineIntel
cpu family	: 6
model		: 61
model name	: Intel(R) Core(TM) i5-5200U CPU @ 2.20GHz
stepping	: 4
microcode	: 0x21
cpu MHz		: 2687.093
cache size	: 3072 KB
physical id	: 0
siblings	: 4
core id		: 1
cpu cores	: 2
apicid		: 2
initial apicid	: 2
fpu		: yes
fpu_exception	: yes
cpuid level	: 20
wp		: yes
flags		: fpu vme de pse tsc msr pae mce cx8 apic sep mtrr pge mca cmov pat pse36 clflush dts acpi mmx fxsr sse sse2 ss ht tm pbe syscall nx pdpe1gb rdtscp lm constant_tsc arch_perfmon pebs bts rep_good nopl xtopology nonstop_tsc aperfmperf eagerfpu pni pclmulqdq dtes64 monitor ds_cpl vmx est tm2 ssse3 fma cx16 xtpr pdcm pcid sse4_1 sse4_2 x2apic movbe popcnt tsc_deadline_timer aes xsave avx f16c rdrand lahf_lm abm 3dnowprefetch ida arat epb pln pts dtherm tpr_shadow vnmi flexpriority ept vpid fsgsbase tsc_adjust bmi1 avx2 smep bmi2 erms invpcid rdseed adx smap xsaveopt
bugs		:
bogomips	: 4390.12
clflush size	: 64
cache_alignment	: 64
address sizes	: 39 bits physical, 48 bits virtual
power management:

processor	: 3
vendor_id	: GenuineIntel
cpu family	: 6
model		: 61
model name	: Intel(R) Core(TM) i5-5200U CPU @ 2.20GHz
stepping	: 4
microcode	: 0x21
cpu MHz		: 2646.101
cache size	: 3072 KB
physical id	: 0
siblings	: 4
core id		: 1
cpu cores	: 2
apicid		: 3
initial apicid	: 3
fpu		: yes
fpu_exception	: yes
cpuid level	: 20
wp		: yes
flags		: fpu vme de pse tsc msr pae mce cx8 apic sep mtrr pge mca cmov pat pse36 clflush dts acpi mmx fxsr sse sse2 ss ht tm pbe syscall nx pdpe1gb rdtscp lm constant_tsc arch_perfmon pebs bts rep_good nopl xtopology nonstop_tsc aperfmperf eagerfpu pni pclmulqdq dtes64 monitor ds_cpl vmx est tm2 ssse3 fma cx16 xtpr pdcm pcid sse4_1 sse4_2 x2apic movbe popcnt tsc_deadline_timer aes xsave avx f16c rdrand lahf_lm abm 3dnowprefetch ida arat epb pln pts dtherm tpr_shadow vnmi flexpriority ept vpid fsgsbase tsc_adjust bmi1 avx2 smep bmi2 erms invpcid rdseed adx smap xsaveopt
bugs		:
bogomips	: 4390.12
clflush size	: 64
cache_alignment	: 64
address sizes	: 39 bits physical, 48 bits virtual
power management:



Memory: 4k page, physical 8074168k(279060k free), swap 0k(0k free)

vm_info: OpenJDK 64-Bit Server VM (24.79-b02) for linux-amd64 JRE (1.7.0_79-b14), built on Jul 24 2015 08:15:54 by "buildd" with gcc 4.8.2

time: Sat Sep 12 11:36:46 2015
elapsed time: 0 seconds

